<?xml version="1.0" encoding="UTF-8"?>
<testng-results skipped="0" failed="0" ignored="0" total="1" passed="1">
  <reporter-output>
  </reporter-output>
  <suite name="Default suite" duration-ms="30834" started-at="2023-04-07T08:44:20 IST" finished-at="2023-04-07T08:44:50 IST">
    <groups>
    </groups>
    <test name="Default test" duration-ms="30834" started-at="2023-04-07T08:44:20 IST" finished-at="2023-04-07T08:44:50 IST">
      <class name="Test.NewAccountTest">
        <test-method status="PASS" signature="OpenBrowser()[pri:0, instance:Test.NewAccountTest@12cdcf4]" name="OpenBrowser" is-config="true" duration-ms="22529" started-at="2023-04-07T08:44:20 IST" finished-at="2023-04-07T08:44:42 IST">
          <reporter-output>
          </reporter-output>
        </test-method> <!-- OpenBrowser -->
        <test-method status="PASS" signature="LoginUser()[pri:0, instance:Test.NewAccountTest@12cdcf4]" name="LoginUser" is-config="true" duration-ms="4418" started-at="2023-04-07T08:44:42 IST" finished-at="2023-04-07T08:44:47 IST">
          <reporter-output>
          </reporter-output>
        </test-method> <!-- LoginUser -->
        <test-method status="PASS" signature="createNewAccount()[pri:0, instance:Test.NewAccountTest@12cdcf4]" name="createNewAccount" duration-ms="797" started-at="2023-04-07T08:44:47 IST" finished-at="2023-04-07T08:44:47 IST">
          <reporter-output>
          </reporter-output>
        </test-method> <!-- createNewAccount -->
        <test-method status="PASS" signature="LogOut()[pri:0, instance:Test.NewAccountTest@12cdcf4]" name="LogOut" is-config="true" duration-ms="1677" started-at="2023-04-07T08:44:47 IST" finished-at="2023-04-07T08:44:49 IST">
          <reporter-output>
          </reporter-output>
        </test-method> <!-- LogOut -->
        <test-method status="PASS" signature="closebrowser()[pri:0, instance:Test.NewAccountTest@12cdcf4]" name="closebrowser" is-config="true" duration-ms="1308" started-at="2023-04-07T08:44:49 IST" finished-at="2023-04-07T08:44:50 IST">
          <reporter-output>
          </reporter-output>
        </test-method> <!-- closebrowser -->
      </class> <!-- Test.NewAccountTest -->
    </test> <!-- Default test -->
  </suite> <!-- Default suite -->
</testng-results>
